[2.465s] Invoking command in '/home/user/ros2_ws/src/my_package': PYTHONPATH=/home/user/ros2_ws/build/my_package/prefix_override:/home/user/ros2_ws/install/my_package/lib/python3.10/site-packages:${PYTHONPATH} _=/usr/bin/env /usr/bin/python3 setup.py egg_info --egg-base ../../build/my_package build --build-base /home/user/ros2_ws/build/my_package/build install --record /home/user/ros2_ws/build/my_package/install.log --single-version-externally-managed
[2.938s] running egg_info
[2.939s] writing ../../build/my_package/my_package.egg-info/PKG-INFO
[2.939s] writing dependency_links to ../../build/my_package/my_package.egg-info/dependency_links.txt
[2.939s] writing entry points to ../../build/my_package/my_package.egg-info/entry_points.txt
[2.940s] writing requirements to ../../build/my_package/my_package.egg-info/requires.txt
[2.940s] writing top-level names to ../../build/my_package/my_package.egg-info/top_level.txt
[2.943s] reading manifest file '../../build/my_package/my_package.egg-info/SOURCES.txt'
[2.945s] writing manifest file '../../build/my_package/my_package.egg-info/SOURCES.txt'
[2.946s] running build
[2.946s] running build_py
[2.946s] copying my_package/simple.py -> /home/user/ros2_ws/build/my_package/build/lib/my_package
[2.947s] running install
[2.948s] running install_lib
[2.949s] copying /home/user/ros2_ws/build/my_package/build/lib/my_package/simple.py -> /home/user/ros2_ws/install/my_package/lib/python3.10/site-packages/my_package
[2.951s] byte-compiling /home/user/ros2_ws/install/my_package/lib/python3.10/site-packages/my_package/simple.py to simple.cpython-310.pyc
[2.952s] running install_data
[2.953s] copying launch/my_package_launch_file.launch.py -> /home/user/ros2_ws/install/my_package/share/my_package
[2.953s] running install_egg_info
[2.955s] removing '/home/user/ros2_ws/install/my_package/lib/python3.10/site-packages/my_package-0.0.0-py3.10.egg-info' (and everything under it)
[2.956s] Copying ../../build/my_package/my_package.egg-info to /home/user/ros2_ws/install/my_package/lib/python3.10/site-packages/my_package-0.0.0-py3.10.egg-info
[2.957s] running install_scripts
[2.991s] Installing simple_node script to /home/user/ros2_ws/install/my_package/lib/my_package
[2.991s] writing list of installed files to '/home/user/ros2_ws/build/my_package/install.log'
[3.033s] Invoked command in '/home/user/ros2_ws/src/my_package' returned '0': PYTHONPATH=/home/user/ros2_ws/build/my_package/prefix_override:/home/user/ros2_ws/install/my_package/lib/python3.10/site-packages:${PYTHONPATH} _=/usr/bin/env /usr/bin/python3 setup.py egg_info --egg-base ../../build/my_package build --build-base /home/user/ros2_ws/build/my_package/build install --record /home/user/ros2_ws/build/my_package/install.log --single-version-externally-managed
