[1.140s] Invoking command in '/home/user/ros2_ws/src/my_package': PYTHONPATH=/home/user/ros2_ws/build/my_package/prefix_override:/home/user/ros2_ws/install/my_package/lib/python3.10/site-packages:${PYTHONPATH} _=/usr/bin/env /usr/bin/python3 setup.py egg_info --egg-base ../../build/my_package build --build-base /home/user/ros2_ws/build/my_package/build install --record /home/user/ros2_ws/build/my_package/install.log --single-version-externally-managed
[1.591s] running egg_info
[1.592s] writing ../../build/my_package/my_package.egg-info/PKG-INFO
[1.592s] writing dependency_links to ../../build/my_package/my_package.egg-info/dependency_links.txt
[1.593s] writing entry points to ../../build/my_package/my_package.egg-info/entry_points.txt
[1.593s] writing requirements to ../../build/my_package/my_package.egg-info/requires.txt
[1.593s] writing top-level names to ../../build/my_package/my_package.egg-info/top_level.txt
[1.595s] reading manifest file '../../build/my_package/my_package.egg-info/SOURCES.txt'
[1.596s] writing manifest file '../../build/my_package/my_package.egg-info/SOURCES.txt'
[1.596s] running build
[1.597s] running build_py
[1.597s] running install
[1.597s] running install_lib
[1.601s] running install_data
[1.601s] running install_egg_info
[1.603s] removing '/home/user/ros2_ws/install/my_package/lib/python3.10/site-packages/my_package-0.0.0-py3.10.egg-info' (and everything under it)
[1.604s] Copying ../../build/my_package/my_package.egg-info to /home/user/ros2_ws/install/my_package/lib/python3.10/site-packages/my_package-0.0.0-py3.10.egg-info
[1.605s] running install_scripts
[1.640s] writing list of installed files to '/home/user/ros2_ws/build/my_package/install.log'
[1.677s] Invoked command in '/home/user/ros2_ws/src/my_package' returned '0': PYTHONPATH=/home/user/ros2_ws/build/my_package/prefix_override:/home/user/ros2_ws/install/my_package/lib/python3.10/site-packages:${PYTHONPATH} _=/usr/bin/env /usr/bin/python3 setup.py egg_info --egg-base ../../build/my_package build --build-base /home/user/ros2_ws/build/my_package/build install --record /home/user/ros2_ws/build/my_package/install.log --single-version-externally-managed
