[1.140s] Invoking command in '/home/user/ros2_ws/src/my_package': PYTHONPATH=/home/user/ros2_ws/build/my_package/prefix_override:/home/user/ros2_ws/install/my_package/lib/python3.10/site-packages:${PYTHONPATH} _=/usr/bin/env /usr/bin/python3 setup.py egg_info --egg-base ../../build/my_package build --build-base /home/user/ros2_ws/build/my_package/build install --record /home/user/ros2_ws/build/my_package/install.log --single-version-externally-managed
[1.580s] running egg_info
[1.581s] writing ../../build/my_package/my_package.egg-info/PKG-INFO
[1.581s] writing dependency_links to ../../build/my_package/my_package.egg-info/dependency_links.txt
[1.581s] writing entry points to ../../build/my_package/my_package.egg-info/entry_points.txt
[1.581s] writing requirements to ../../build/my_package/my_package.egg-info/requires.txt
[1.581s] writing top-level names to ../../build/my_package/my_package.egg-info/top_level.txt
[1.584s] reading manifest file '../../build/my_package/my_package.egg-info/SOURCES.txt'
[1.585s] writing manifest file '../../build/my_package/my_package.egg-info/SOURCES.txt'
[1.585s] running build
[1.585s] running build_py
[1.585s] creating /home/user/ros2_ws/build/my_package/build
[1.585s] creating /home/user/ros2_ws/build/my_package/build/lib
[1.585s] creating /home/user/ros2_ws/build/my_package/build/lib/my_package
[1.585s] copying my_package/__init__.py -> /home/user/ros2_ws/build/my_package/build/lib/my_package
[1.585s] running install
[1.586s] running install_lib
[1.587s] creating /home/user/ros2_ws/install/my_package/lib/python3.10/site-packages/my_package
[1.587s] copying /home/user/ros2_ws/build/my_package/build/lib/my_package/__init__.py -> /home/user/ros2_ws/install/my_package/lib/python3.10/site-packages/my_package
[1.588s] byte-compiling /home/user/ros2_ws/install/my_package/lib/python3.10/site-packages/my_package/__init__.py to __init__.cpython-310.pyc
[1.588s] running install_data
[1.589s] creating /home/user/ros2_ws/install/my_package/share/ament_index
[1.589s] creating /home/user/ros2_ws/install/my_package/share/ament_index/resource_index
[1.589s] creating /home/user/ros2_ws/install/my_package/share/ament_index/resource_index/packages
[1.589s] copying resource/my_package -> /home/user/ros2_ws/install/my_package/share/ament_index/resource_index/packages
[1.589s] copying package.xml -> /home/user/ros2_ws/install/my_package/share/my_package
[1.589s] running install_egg_info
[1.591s] Copying ../../build/my_package/my_package.egg-info to /home/user/ros2_ws/install/my_package/lib/python3.10/site-packages/my_package-0.0.0-py3.10.egg-info
[1.592s] running install_scripts
[1.626s] writing list of installed files to '/home/user/ros2_ws/build/my_package/install.log'
[1.661s] Invoked command in '/home/user/ros2_ws/src/my_package' returned '0': PYTHONPATH=/home/user/ros2_ws/build/my_package/prefix_override:/home/user/ros2_ws/install/my_package/lib/python3.10/site-packages:${PYTHONPATH} _=/usr/bin/env /usr/bin/python3 setup.py egg_info --egg-base ../../build/my_package build --build-base /home/user/ros2_ws/build/my_package/build install --record /home/user/ros2_ws/build/my_package/install.log --single-version-externally-managed
